{"/home/makiesse/WWW/clean-node-api/src/presentation/controllers/signup/signup-protocols.ts": {"path":"/home/makiesse/WWW/clean-node-api/src/presentation/controllers/signup/signup-protocols.ts","all":true,"statementMap":{"0":{"start":{"line":1,"column":0},"end":{"line":1,"column":31}},"1":{"start":{"line":2,"column":0},"end":{"line":2,"column":47}},"2":{"start":{"line":3,"column":0},"end":{"line":3,"column":53}},"3":{"start":{"line":4,"column":0},"end":{"line":4,"column":46}}},"s":{"0":0,"1":0,"2":0,"3":0},"branchMap":{"0":{"type":"branch","line":1,"loc":{"start":{"line":1,"column":0},"end":{"line":4,"column":46}},"locations":[{"start":{"line":1,"column":0},"end":{"line":4,"column":46}}]}},"b":{"0":[0]},"fnMap":{"0":{"name":"(empty-report)","decl":{"start":{"line":1,"column":0},"end":{"line":4,"column":46}},"loc":{"start":{"line":1,"column":0},"end":{"line":4,"column":46}},"line":1}},"f":{"0":0}}
,"/home/makiesse/WWW/clean-node-api/src/presentation/controllers/signup/signup.ts": {"path":"/home/makiesse/WWW/clean-node-api/src/presentation/controllers/signup/signup.ts","all":false,"statementMap":{"0":{"start":{"line":1,"column":0},"end":{"line":1,"column":102}},"1":{"start":{"line":2,"column":0},"end":{"line":2,"column":67}},"2":{"start":{"line":3,"column":0},"end":{"line":3,"column":67}},"3":{"start":{"line":4,"column":0},"end":{"line":4,"column":0}},"4":{"start":{"line":5,"column":0},"end":{"line":5,"column":53}},"5":{"start":{"line":6,"column":0},"end":{"line":6,"column":15}},"6":{"start":{"line":7,"column":0},"end":{"line":7,"column":52}},"7":{"start":{"line":8,"column":0},"end":{"line":8,"column":43}},"8":{"start":{"line":9,"column":0},"end":{"line":9,"column":6}},"9":{"start":{"line":10,"column":0},"end":{"line":10,"column":0}},"10":{"start":{"line":11,"column":0},"end":{"line":11,"column":51}},"11":{"start":{"line":12,"column":0},"end":{"line":12,"column":9}},"12":{"start":{"line":13,"column":0},"end":{"line":13,"column":82}},"13":{"start":{"line":14,"column":0},"end":{"line":14,"column":0}},"14":{"start":{"line":15,"column":0},"end":{"line":15,"column":43}},"15":{"start":{"line":16,"column":0},"end":{"line":16,"column":85}},"16":{"start":{"line":17,"column":0},"end":{"line":17,"column":7}},"17":{"start":{"line":18,"column":0},"end":{"line":18,"column":0}},"18":{"start":{"line":19,"column":0},"end":{"line":19,"column":78}},"19":{"start":{"line":20,"column":0},"end":{"line":20,"column":0}},"20":{"start":{"line":21,"column":0},"end":{"line":21,"column":109}},"21":{"start":{"line":22,"column":0},"end":{"line":22,"column":0}},"22":{"start":{"line":23,"column":0},"end":{"line":23,"column":69}},"23":{"start":{"line":24,"column":0},"end":{"line":24,"column":0}},"24":{"start":{"line":25,"column":0},"end":{"line":25,"column":74}},"25":{"start":{"line":26,"column":0},"end":{"line":26,"column":0}},"26":{"start":{"line":27,"column":0},"end":{"line":27,"column":52}},"27":{"start":{"line":28,"column":0},"end":{"line":28,"column":21}},"28":{"start":{"line":29,"column":0},"end":{"line":29,"column":26}},"29":{"start":{"line":30,"column":0},"end":{"line":30,"column":5}},"30":{"start":{"line":31,"column":0},"end":{"line":31,"column":0}},"31":{"start":{"line":32,"column":0},"end":{"line":32,"column":40}},"32":{"start":{"line":33,"column":0},"end":{"line":33,"column":3}},"33":{"start":{"line":34,"column":0},"end":{"line":34,"column":1}}},"s":{"0":1,"1":1,"2":1,"3":1,"4":1,"5":1,"6":10,"7":10,"8":10,"9":1,"10":1,"11":10,"12":10,"13":10,"14":10,"15":34,"16":34,"17":6,"18":6,"19":6,"20":10,"21":5,"22":5,"23":5,"24":10,"25":3,"26":3,"27":10,"28":2,"29":2,"30":2,"31":2,"32":2,"33":1},"branchMap":{"0":{"type":"branch","line":6,"loc":{"start":{"line":6,"column":2},"end":{"line":9,"column":6}},"locations":[{"start":{"line":6,"column":2},"end":{"line":9,"column":6}}]},"1":{"type":"branch","line":11,"loc":{"start":{"line":11,"column":2},"end":{"line":33,"column":3}},"locations":[{"start":{"line":11,"column":2},"end":{"line":33,"column":3}}]},"2":{"type":"branch","line":15,"loc":{"start":{"line":15,"column":42},"end":{"line":17,"column":7}},"locations":[{"start":{"line":15,"column":42},"end":{"line":17,"column":7}}]},"3":{"type":"branch","line":16,"loc":{"start":{"line":16,"column":38},"end":{"line":16,"column":85}},"locations":[{"start":{"line":16,"column":38},"end":{"line":16,"column":85}}]},"4":{"type":"branch","line":18,"loc":{"start":{"line":18,"column":-1},"end":{"line":21,"column":52}},"locations":[{"start":{"line":18,"column":-1},"end":{"line":21,"column":52}}]},"5":{"type":"branch","line":21,"loc":{"start":{"line":21,"column":45},"end":{"line":21,"column":109}},"locations":[{"start":{"line":21,"column":45},"end":{"line":21,"column":109}}]},"6":{"type":"branch","line":22,"loc":{"start":{"line":22,"column":-1},"end":{"line":25,"column":32}},"locations":[{"start":{"line":22,"column":-1},"end":{"line":25,"column":32}}]},"7":{"type":"branch","line":25,"loc":{"start":{"line":25,"column":25},"end":{"line":25,"column":74}},"locations":[{"start":{"line":25,"column":25},"end":{"line":25,"column":74}}]},"8":{"type":"branch","line":26,"loc":{"start":{"line":26,"column":-1},"end":{"line":28,"column":13}},"locations":[{"start":{"line":26,"column":-1},"end":{"line":28,"column":13}}]},"9":{"type":"branch","line":28,"loc":{"start":{"line":28,"column":6},"end":{"line":33,"column":3}},"locations":[{"start":{"line":28,"column":6},"end":{"line":33,"column":3}}]}},"b":{"0":[10],"1":[10],"2":[34],"3":[4],"4":[6],"5":[1],"6":[5],"7":[1],"8":[3],"9":[2]},"fnMap":{"0":{"name":"SignUpController","decl":{"start":{"line":6,"column":2},"end":{"line":9,"column":6}},"loc":{"start":{"line":6,"column":2},"end":{"line":9,"column":6}},"line":6},"1":{"name":"handle","decl":{"start":{"line":11,"column":2},"end":{"line":33,"column":3}},"loc":{"start":{"line":11,"column":2},"end":{"line":33,"column":3}},"line":11}},"f":{"0":10,"1":10}}
,"/home/makiesse/WWW/clean-node-api/src/presentation/errors/index.ts": {"path":"/home/makiesse/WWW/clean-node-api/src/presentation/errors/index.ts","all":false,"statementMap":{"0":{"start":{"line":1,"column":0},"end":{"line":1,"column":37}},"1":{"start":{"line":2,"column":0},"end":{"line":2,"column":37}},"2":{"start":{"line":3,"column":0},"end":{"line":3,"column":30}}},"s":{"0":1,"1":1,"2":1},"branchMap":{},"b":{},"fnMap":{},"f":{}}
}
