TN:
SF:src/presentation/controllers/signup.ts
FN:8,SignUpController
FN:10,handle
FNF:2
FNH:2
FNDA:7,SignUpController
FNDA:7,handle
DA:1,1
DA:2,1
DA:3,1
DA:4,1
DA:5,1
DA:6,1
DA:7,1
DA:8,1
DA:9,1
DA:10,1
DA:11,7
DA:12,7
DA:13,7
DA:14,7
DA:15,7
DA:16,22
DA:17,22
DA:18,3
DA:19,3
DA:20,3
DA:21,7
DA:22,7
DA:23,1
DA:24,1
DA:25,1
DA:26,1
DA:27,1
DA:28,1
LF:28
LH:28
BRDA:8,0,0,7
BRDA:10,1,0,7
BRDA:15,2,0,22
BRDA:16,3,0,4
BRDA:18,4,0,3
BRDA:21,5,0,1
BRDA:22,6,0,1
BRF:7
BRH:7
end_of_record
TN:
SF:src/presentation/errors/index.ts
FNF:0
FNH:0
DA:1,1
DA:2,1
DA:3,1
LF:3
LH:3
BRF:0
BRH:0
end_of_record
TN:
SF:src/presentation/protocols/email-validator.ts
FN:1,(empty-report)
FNF:1
FNH:0
FNDA:0,(empty-report)
DA:1,0
DA:2,0
DA:3,0
LF:3
LH:0
BRDA:1,0,0,0
BRF:1
BRH:0
end_of_record
